3879:09-15 02:11:36.842   907  5224 I ActivityTaskManager: START u0 {act=android.intent.action.MAIN cat=[android.intent.category.LAUNCHER] flg=0x10200000 cmp=com.android.todolist/.MainActivity bnds=[795,157][1042,480]} from uid 10091
3888:09-15 02:11:36.854   907  1044 D GameManagerService: getForegroundPair(), state=0, bounds=[0,0][1080,2220], displayId=0, userId=0, taskName=com.android.todolist/com.android.todolist.MainActivity
3890:09-15 02:11:36.854   907  1044 D GameManagerService: MultiWindowEventListener.onFocusedStackChanged(), pkgName: com.android.todolist, clsName: com.android.todolist.MainActivity, fgActivityName:com.android.todolist/.MainActivity, userID:0
3893:09-15 02:11:36.854   907  1044 D GameSDK@LifeCycle:   taskId=17507: com.android.todolist/com.android.todolist.MainActivity bounds=[0,0][1080,2220] userId=0 visible=true topActivity=ComponentInfo{com.android.todolist/com.android.todolist.MainActivity}
3898:09-15 02:11:36.868   907  5224 V WindowManager: Setting visibility of Window{460f353 u0 com.android.todolist/com.android.todolist.MainActivity}: true, caller=com.android.server.wm.WindowContainer.sendAppVisibilityToClients:644 com.android.server.wm.AppWindowToken.setClientHidden:632 com.android.server.wm.AppWindowToken.setVisibility:746 com.android.server.wm.ActivityRecord.setVisibility:2278 com.android.server.wm.ActivityStack.resumeTopActivityInnerLocked:3603 
3906:09-15 02:11:36.871   907  5224 D MARsPolicyManager: onPackageResumedFG pkgName = com.android.todolist, userId = 0
3913:09-15 02:11:36.892   907  5227 D RemoteAnimationController: createAnimationAdapter(): token=AppWindowToken{e4eee78 token=Token{b3be3db ActivityRecord{88594ea u0 com.android.todolist/.MainActivity t17507}}}
3914:09-15 02:11:36.892   907  5227 I WindowManager: Reparenting to leash, surface=Surface(name=AppWindowToken{e4eee78 token=Token{b3be3db ActivityRecord{88594ea u0 com.android.todolist/.MainActivity t17507}}})/@0x41639ec
3915:09-15 02:11:36.893   907  5227 D WindowManager: makeSurface duration=0 leash=Surface(name=Surface(name=AppWindowToken{e4eee78 token=Token{b3be3db ActivityRecord{88594ea u0 com.android.todolist/.MainActivity t17507}}})/@0x41639ec - animation-leash)/@0xbae112c
3925:09-15 02:11:36.894   907  5227 D RemoteAnimationController: 	Add token=AppWindowToken{e4eee78 token=Token{b3be3db ActivityRecord{88594ea u0 com.android.todolist/.MainActivity t17507}}}
3934:09-15 02:11:36.897   907  5227 I RemoteAnimationController: token=AppWindowToken{e4eee78 token=Token{b3be3db ActivityRecord{88594ea u0 com.android.todolist/.MainActivity t17507}}}
3938:09-15 02:11:36.897   907  5227 I RemoteAnimationController:   leash=Surface(name=Surface(name=AppWindowToken{e4eee78 token=Token{b3be3db ActivityRecord{88594ea u0 com.android.todolist/.MainActivity t17507}}})/@0x41639ec - animation-leash)/@0xbae112c
3944:09-15 02:11:36.902   907  1044 D GameSDK@LifeCycle: onFocusedPackageChanged(): newPkgName: com.android.todolist, newPid: 25353
3947:09-15 02:11:36.910   907  5224 D GamePkgDataHelper: getSosPolicy(). com.android.todolist
3948:09-15 02:11:36.912   907  1044 D GameManagerService: noteResumeComponent(), received resumed-component: com.android.todolist
3949:09-15 02:11:36.912   907  3611 D GameManagerService: onLooperPrepared(), msg: { when=-1ms what=10000 obj=ComponentInfo{com.android.todolist/com.android.todolist.MainActivity} target=com.samsung.android.game.GameManagerService$FgCheckThread$1 }
3951:09-15 02:11:36.912   907  3611 D GameManagerService: notifyResumePause(). of pkg: com.android.todolist, type: 4, isMinimized: false, isTunableApp: false
3954:09-15 02:11:36.913   907  1044 D GameManagerService: identifyGamePackage. com.android.todolist, mCurrentUserId: 0, callerUserId: 0
3955:09-15 02:11:36.913   907  1044 D GamePkgDataHelper: getGamePkgData(). com.android.todolist
3956:09-15 02:11:36.913   907  1044 D GamePkgDataHelper: getSosPolicy(). com.android.todolist
3957:09-15 02:11:36.914   907  1044 D GameManagerService: identifyGamePackage. com.android.todolist, mCurrentUserId: 0, callerUserId: 0
3958:09-15 02:11:36.914   907  1044 D GamePkgDataHelper: getGamePkgData(). com.android.todolist
3959:09-15 02:11:36.915   907  4797 D GameManagerService: identifyForegroundApp. com.android.todolist, mCurrentUserId: 0, callerUserId: 0
3960:09-15 02:11:36.915   907  4797 D GamePkgDataHelper: getGamePkgData(). com.android.todolist
3962:09-15 02:11:36.917   907  4797 D GameManagerService: identifyGamePackage. com.android.todolist, mCurrentUserId: 0, callerUserId: 0
3963:09-15 02:11:36.917   907  4797 D GamePkgDataHelper: getGamePkgData(). com.android.todolist
3964:09-15 02:11:36.931   907  4797 D WindowManager: makeSurface duration=1 name=com.android.todolist/com.android.todolist.MainActivity$_25353
3977:09-15 02:11:37.037   907  3738 D MdnieScenarioControlService:  packageName : com.android.todolist    className : com.android.todolist.MainActivity
3979:09-15 02:11:37.041   907  1045 I WindowManager: Reparenting to original parent: Surface(name=AppWindowToken{e4eee78 token=Token{b3be3db ActivityRecord{88594ea u0 com.android.todolist/.MainActivity t17507}}})/@0x41639ec, destroyLeash=true, surface=Surface(name=417fa8b SnapshotStartingWindow for taskId=17507)/@0x32b20ad
4005:09-15 02:11:37.259   907  5224 I WindowManager: Reparenting to original parent: Surface(name=Task=17507)/@0xa3e69b, destroyLeash=true, surface=Surface(name=AppWindowToken{e4eee78 token=Token{b3be3db ActivityRecord{88594ea u0 com.android.todolist/.MainActivity t17507}}})/@0x41639ec
4010:09-15 02:11:37.261   907  5224 D RemoteAnimationController: 	AppWindowToken{e4eee78 token=Token{b3be3db ActivityRecord{88594ea u0 com.android.todolist/.MainActivity t17507}}}
4027:09-15 02:11:37.447   907  3738 D MdnieScenarioControlService:  packageName : com.android.todolist    className : com.android.todolist.MainActivity
4070:09-15 02:11:42.941   907 27951 D GameManagerService: identifyGamePackage. com.android.todolist, mCurrentUserId: 0, callerUserId: 0
4071:09-15 02:11:42.941   907 27951 D GamePkgDataHelper: getGamePkgData(). com.android.todolist
4644:09-15 02:11:55.434   907  1044 D GameManagerService: notePauseComponent(), received paused-component: com.android.todolist
4665:09-15 02:11:55.477   907  1045 D RemoteAnimationController: createAnimationAdapter(): token=AppWindowToken{e4eee78 token=Token{b3be3db ActivityRecord{88594ea u0 com.android.todolist/.MainActivity t17507}}}
4666:09-15 02:11:55.477   907  1045 I WindowManager: Reparenting to leash, surface=Surface(name=AppWindowToken{e4eee78 token=Token{b3be3db ActivityRecord{88594ea u0 com.android.todolist/.MainActivity t17507}}})/@0x41639ec
4667:09-15 02:11:55.478   907  1045 D WindowManager: makeSurface duration=1 leash=Surface(name=Surface(name=AppWindowToken{e4eee78 token=Token{b3be3db ActivityRecord{88594ea u0 com.android.todolist/.MainActivity t17507}}})/@0x41639ec - animation-leash)/@0xf66e86a
4682:09-15 02:11:55.482   907  1045 D RemoteAnimationController: 	Add token=AppWindowToken{e4eee78 token=Token{b3be3db ActivityRecord{88594ea u0 com.android.todolist/.MainActivity t17507}}}
4696:09-15 02:11:55.500   907  1045 I RemoteAnimationController: token=AppWindowToken{e4eee78 token=Token{b3be3db ActivityRecord{88594ea u0 com.android.todolist/.MainActivity t17507}}}
4700:09-15 02:11:55.500   907  1045 I RemoteAnimationController:   leash=Surface(name=Surface(name=AppWindowToken{e4eee78 token=Token{b3be3db ActivityRecord{88594ea u0 com.android.todolist/.MainActivity t17507}}})/@0x41639ec - animation-leash)/@0xf66e86a
4737:09-15 02:11:55.812   907  4665 I WindowManager: Reparenting to original parent: Surface(name=Task=17507)/@0xa3e69b, destroyLeash=true, surface=Surface(name=AppWindowToken{e4eee78 token=Token{b3be3db ActivityRecord{88594ea u0 com.android.todolist/.MainActivity t17507}}})/@0x41639ec
4738:09-15 02:11:55.812   907  4665 V WindowManager: Setting visibility of Window{460f353 u0 com.android.todolist/com.android.todolist.MainActivity}: false, caller=com.android.server.wm.WindowContainer.sendAppVisibilityToClients:644 com.android.server.wm.AppWindowToken.setClientHidden:632 com.android.server.wm.AppWindowToken.onAnimationFinished:3913 com.android.server.wm.-$$Lambda$yVRF8YoeNdTa8GR1wDStVsHu8xM.run:2 com.android.server.wm.SurfaceAnimator.lambda$getFinishedCallback$0$SurfaceAnimator:100 
4739:09-15 02:11:55.812   907  4665 D RemoteAnimationController: 	AppWindowToken{e4eee78 token=Token{b3be3db ActivityRecord{88594ea u0 com.android.todolist/.MainActivity t17507}}}
4745:09-15 02:11:55.871   907  4107 E WindowManager: win=Window{460f353 u0 com.android.todolist/com.android.todolist.MainActivity} destroySurfaces: appStopped=true win.mWindowRemovalAllowed=false win.mRemoveOnExit=false win.mViewVisibility=8 caller=com.android.server.wm.AppWindowToken.destroySurfaces:1249 com.android.server.wm.AppWindowToken.destroySurfaces:1230 com.android.server.wm.AppWindowToken.notifyAppStopped:1285 com.android.server.wm.ActivityRecord.activityStoppedLocked:2776 com.android.server.wm.ActivityTaskManagerService.activityStopped:2512 android.app.IActivityTaskManager$Stub.onTransact:2280 android.os.Binder.execTransactInternal:1056 
4746:09-15 02:11:55.872   907  4107 I WindowManager: Destroying surface Surface(name=com.android.todolist/com.android.todolist.MainActivity$_25353)/@0x2e63e6e called by com.android.server.wm.WindowStateAnimator.destroySurface:1834 com.android.server.wm.WindowStateAnimator.destroySurfaceLocked:733 com.android.server.wm.WindowState.destroySurfaceUnchecked:3649 com.android.server.wm.WindowState.destroySurface:3623 com.android.server.wm.AppWindowToken.destroySurfaces:1249 com.android.server.wm.AppWindowToken.destroySurfaces:1230 com.android.server.wm.AppWindowToken.notifyAppStopped:1285 com.android.server.wm.ActivityRecord.activityStoppedLocked:2776 
8513:09-15 02:14:18.841   907  3518 D PkgPredictorService: previous pkgs: com.sec.android.gallery3d,com.sec.android.gallery3d,com.android.todolist running pkg: com.sec.android.gallery3d, uid: 0 is system: true
8515:09-15 02:14:18.841   907  3518 D PkgPredictorService-Collector:  (hour:2 day:5 previous:[com.sec.android.gallery3d, com.sec.android.gallery3d, com.android.todolist] activityName:unknown running:com.sec.android.gallery3d userId:0 screenOrientation:0 wifi:0 bt:1 predictTime:1 apkVersion:11.5.10.2 consumeTime:-1 preloaded:false>)
46355:09-15 02:17:33.524 13705 13721 I SmProvider: makeValuesForFasUpdate contentValues=package_name=com.android.todolist extras=0 uid=10305 level=1 resetTime=1663182715408
50265:09-15 02:17:43.221   907  4797 I ActivityTaskManager: START u0 {act=android.intent.action.MAIN cat=[android.intent.category.LAUNCHER] flg=0x10200000 cmp=com.android.todolist/.MainActivity bnds=[795,157][1042,480]} from uid 10091
50277:09-15 02:17:43.231   907  1044 D GameManagerService: getForegroundPair(), state=0, bounds=[0,0][1080,2220], displayId=0, userId=0, taskName=com.android.todolist/com.android.todolist.MainActivity
50279:09-15 02:17:43.231   907  1044 D GameManagerService: MultiWindowEventListener.onFocusedStackChanged(), pkgName: com.android.todolist, clsName: com.android.todolist.MainActivity, fgActivityName:com.android.todolist/.MainActivity, userID:0
50282:09-15 02:17:43.232   907  1044 D GameSDK@LifeCycle:   taskId=17507: com.android.todolist/com.android.todolist.MainActivity bounds=[0,0][1080,2220] userId=0 visible=true topActivity=ComponentInfo{com.android.todolist/com.android.todolist.MainActivity}
50301:09-15 02:17:43.239   907  4091 V WindowManager: Setting visibility of Window{460f353 u0 com.android.todolist/com.android.todolist.MainActivity}: true, caller=com.android.server.wm.WindowContainer.sendAppVisibilityToClients:644 com.android.server.wm.AppWindowToken.setClientHidden:632 com.android.server.wm.AppWindowToken.setVisibility:746 com.android.server.wm.ActivityRecord.setVisibility:2278 com.android.server.wm.ActivityStack.resumeTopActivityInnerLocked:3603 
50312:09-15 02:17:43.243   907  4091 D MARsPolicyManager: onPackageResumedFG pkgName = com.android.todolist, userId = 0
50324:09-15 02:17:43.261   907  1045 D RemoteAnimationController: createAnimationAdapter(): token=AppWindowToken{e4eee78 token=Token{b3be3db ActivityRecord{88594ea u0 com.android.todolist/.MainActivity t17507}}}
50325:09-15 02:17:43.261   907  1045 I WindowManager: Reparenting to leash, surface=Surface(name=AppWindowToken{e4eee78 token=Token{b3be3db ActivityRecord{88594ea u0 com.android.todolist/.MainActivity t17507}}})/@0x41639ec
50326:09-15 02:17:43.261   513   566 I SurfaceFlinger: id=24348 createSurf (0x0),-1 flag=80004, Surface(name=AppWindowToken{e4eee78 token=Token{b3be3db ActivityRecord{88594ea u0 com.android.todolist/.MainActivity t17507}}})/@0x41639ec - animation-leash#0
50327:09-15 02:17:43.262   907  1045 D WindowManager: makeSurface duration=0 leash=Surface(name=Surface(name=AppWindowToken{e4eee78 token=Token{b3be3db ActivityRecord{88594ea u0 com.android.todolist/.MainActivity t17507}}})/@0x41639ec - animation-leash)/@0x6251bb6
50339:09-15 02:17:43.263   907  1045 D RemoteAnimationController: 	Add token=AppWindowToken{e4eee78 token=Token{b3be3db ActivityRecord{88594ea u0 com.android.todolist/.MainActivity t17507}}}
50355:09-15 02:17:43.266   907  1045 I RemoteAnimationController: token=AppWindowToken{e4eee78 token=Token{b3be3db ActivityRecord{88594ea u0 com.android.todolist/.MainActivity t17507}}}
50359:09-15 02:17:43.266   907  1045 I RemoteAnimationController:   leash=Surface(name=Surface(name=AppWindowToken{e4eee78 token=Token{b3be3db ActivityRecord{88594ea u0 com.android.todolist/.MainActivity t17507}}})/@0x41639ec - animation-leash)/@0x6251bb6
50375:09-15 02:17:43.270   907  1044 D GameSDK@LifeCycle: onFocusedPackageChanged(): newPkgName: com.android.todolist, newPid: 25353
50390:09-15 02:17:43.275   907  3822 V WindowManager: Relayout Window{460f353 u0 com.android.todolist/com.android.todolist.MainActivity}: viewVisibility=8 req=1080x2220
50405:09-15 02:17:43.290   907  3518 D PkgPredictorService: com.android.todolist go to foreground!
50407:09-15 02:17:43.290   907  3518 D PkgPredictorService: previous pkgs: com.android.todolist,com.sec.android.gallery3d,com.sec.android.gallery3d running pkg: com.android.todolist, uid: 0 is system: false
50409:09-15 02:17:43.290   907  3518 D PkgPredictorService-Collector:  (hour:2 day:5 previous:[com.android.todolist, com.sec.android.gallery3d, com.sec.android.gallery3d] activityName:unknown running:com.android.todolist userId:0 screenOrientation:0 wifi:0 bt:1 predictTime:0 apkVersion:1.0 consumeTime:-1 preloaded:false>)
50410:09-15 02:17:43.290   907  3518 D PkgPredictorService-NapPreloadController: User using: com.android.todolist
50412:09-15 02:17:43.291   907  1044 D GameManagerService: noteResumeComponent(), received resumed-component: com.android.todolist
50415:09-15 02:17:43.291   907  3822 D GamePkgDataHelper: getSosPolicy(). com.android.todolist
50416:09-15 02:17:43.291   907  3611 D GameManagerService: onLooperPrepared(), msg: { when=-1ms what=10000 obj=ComponentInfo{com.android.todolist/com.android.todolist.MainActivity} target=com.samsung.android.game.GameManagerService$FgCheckThread$1 }
50418:09-15 02:17:43.291   907  3611 D GameManagerService: notifyResumePause(). of pkg: com.android.todolist, type: 4, isMinimized: false, isTunableApp: false
50421:09-15 02:17:43.291   907  1044 D GameManagerService: identifyGamePackage. com.android.todolist, mCurrentUserId: 0, callerUserId: 0
50422:09-15 02:17:43.291   907  1044 D GamePkgDataHelper: getGamePkgData(). com.android.todolist
50423:09-15 02:17:43.291   907  1044 D GamePkgDataHelper: getSosPolicy(). com.android.todolist
50425:09-15 02:17:43.292   907  1044 D GameManagerService: identifyGamePackage. com.android.todolist, mCurrentUserId: 0, callerUserId: 0
50426:09-15 02:17:43.292   907  1044 D GamePkgDataHelper: getGamePkgData(). com.android.todolist
50428:09-15 02:17:43.294  9768 10309 I TrayUsageStatesWatcher: noteResumeComponent : ComponentInfo{com.android.todolist/com.android.todolist.MainActivity}, 4
50429:09-15 02:17:43.295   907  1042 D CodecSolution: isMaxAspectPackageEx: com.android.todolist : true(2)
50432:09-15 02:17:43.298   907  3825 D GameManagerService: identifyForegroundApp. com.android.todolist, mCurrentUserId: 0, callerUserId: 0
50433:09-15 02:17:43.298   907  3825 D GamePkgDataHelper: getGamePkgData(). com.android.todolist
50434:09-15 02:17:43.301   907  3818 D GameManagerService: identifyGamePackage. com.android.todolist, mCurrentUserId: 0, callerUserId: 0
50435:09-15 02:17:43.301   907  3818 D GamePkgDataHelper: getGamePkgData(). com.android.todolist
50436:09-15 02:17:43.301   907  3818 V WindowManager: Relayout Window{460f353 u0 com.android.todolist/com.android.todolist.MainActivity}: viewVisibility=0 req=1080x2220
50437:09-15 02:17:43.304   513   566 I SurfaceFlinger: id=24350 createSurf (1080x2220),1 flag=404, com.android.todolist/com.android.todolist.MainActivity$_25353#0
50440:09-15 02:17:43.305   907  3818 D WindowManager: makeSurface duration=2 name=com.android.todolist/com.android.todolist.MainActivity$_25353
50441:09-15 02:17:43.306   907  3818 V WindowManager: Changing focus from null to Window{460f353 u0 com.android.todolist/com.android.todolist.MainActivity} displayId=0 Callers=com.android.server.wm.RootWindowContainer.updateFocusedWindowLocked:204 com.android.server.wm.WindowManagerService.updateFocusedWindowLocked:6458 com.android.server.wm.WindowManagerService.relayoutWindow:2618 com.android.server.wm.Session.relayout:202 android.view.IWindowSession$Stub.onTransact:716 com.android.server.wm.Session.onTransact:142 
50460:09-15 02:17:43.311   907  1044 I WindowManager: Focus moving from null to Window{460f353 u0 com.android.todolist/com.android.todolist.MainActivity} displayId=0
50461:09-15 02:17:43.311   907  1044 I WindowManager: Gaining focus: Window{460f353 u0 com.android.todolist/com.android.todolist.MainActivity}
50467:09-15 02:17:43.359   907  4091 D WindowManager: finishDrawingWindow: Window{460f353 u0 com.android.todolist/com.android.todolist.MainActivity} mDrawState=DRAW_PENDING
50471:09-15 02:17:43.363   907  1045 D PkgPredictorService: pkg:com.android.todolist activity:com.android.todolist.MainActivity thisTime:143
50476:09-15 02:17:43.365 25353 25353 V InputMethodManager: Starting input: tba=com.android.todolist ic=null mNaviBarColor -855310 mIsGetNaviBarColorSuccess true , NavVisible : true , NavTrans : false
50526:09-15 02:17:43.388   513   513 I SurfaceFlinger:      CLIENT | 0x7712acd580 | 0002 | RGBA_8888 |   0.0    0.0 1080.0 2220.0 |  324   64 1049 1554 | com.android.todolist/com.android.todolist.MainActivity$_25353#0
50538:09-15 02:17:43.420   907  3738 D MdnieScenarioControlService:  packageName : com.android.todolist    className : com.android.todolist.MainActivity
50540:09-15 02:17:43.431   907  1045 I WindowManager: Reparenting to original parent: Surface(name=AppWindowToken{e4eee78 token=Token{b3be3db ActivityRecord{88594ea u0 com.android.todolist/.MainActivity t17507}}})/@0x41639ec, destroyLeash=true, surface=Surface(name=43b624d SnapshotStartingWindow for taskId=17507)/@0x598bfaf
50561:09-15 02:17:43.453   513   513 I SurfaceFlinger:      CLIENT | 0x7712acd580 | 0002 | RGBA_8888 |   0.0    0.0 1080.0 2220.0 |  120   23 1069 1974 | com.android.todolist/com.android.todolist.MainActivity$_25353#0
50574:09-15 02:17:43.485   513   513 I SurfaceFlinger:      CLIENT | 0x7712acd580 | 0002 | RGBA_8888 |   0.0    0.0 1080.0 2220.0 |   71   14 1074 2074 | com.android.todolist/com.android.todolist.MainActivity$_25353#0
50593:09-15 02:17:43.616   907  3818 I WindowManager: Reparenting to original parent: Surface(name=Task=17507)/@0xa3e69b, destroyLeash=true, surface=Surface(name=AppWindowToken{e4eee78 token=Token{b3be3db ActivityRecord{88594ea u0 com.android.todolist/.MainActivity t17507}}})/@0x41639ec
50598:09-15 02:17:43.619   907  3818 D RemoteAnimationController: 	AppWindowToken{e4eee78 token=Token{b3be3db ActivityRecord{88594ea u0 com.android.todolist/.MainActivity t17507}}}
50608:09-15 02:17:43.626   513   566 I Layer   : id=24348 removeFromCurrentState Surface(name=AppWindowToken{e4eee78 token=Token{b3be3db ActivityRecord{88594ea u0 com.android.todolist/.MainActivity t17507}}})/@0x41639ec - animation-leash#0 (165)
50613:09-15 02:17:43.632   513   513 E Layer   : [Surface(name=AppWindowToken{e4eee78 token=Token{b3be3db ActivityRecord{88594ea u0 com.android.todolist/.MainActivity t17507}}})/@0x41639ec - animation-leash#0] No local sync point found, barrierLayer : [com.sec.android.app.launcher/com.sec.android.app.launcher.activities.LauncherActivity$_3870#0]
50624:09-15 02:17:43.638   513   513 I SurfaceFlinger:      DEVICE | 0x7712acd580 | 0002 | RGBA_8888 |   0.0    0.0 1080.0 2220.0 |    0    0 1080 2220 | com.android.todolist/com.android.todolist.MainActivity$_25353#0
50639:09-15 02:17:43.644   513   566 I SurfaceFlinger: id=24348 Removed Surface(name=AppWindowToken{e4eee78 token=Token{b3be3db ActivityRecord{88594ea u0 com.android.todolist/.MainActivity t17507}}})/@0x41639ec - animation-leash#0 (165)
50652:09-15 02:17:43.648   513   513 I Layer   : id=24348[1] Destroyed Surface(name=AppWindowToken{e4eee78 token=Token{b3be3db ActivityRecord{88594ea u0 com.android.todolist/.MainActivity t17507}}})/@0x41639ec - animation-leash#0
50664:09-15 02:17:43.659   907  1042 D CodecSolution: isMaxAspectPackageEx: com.android.todolist : true(2)
50721:09-15 02:17:43.789   907  3738 D MdnieScenarioControlService:  packageName : com.android.todolist    className : com.android.todolist.MainActivity
51153:09-15 02:17:49.320   907 27951 D GameManagerService: identifyGamePackage. com.android.todolist, mCurrentUserId: 0, callerUserId: 0
51154:09-15 02:17:49.320   907 27951 D GamePkgDataHelper: getGamePkgData(). com.android.todolist
51390:09-15 02:17:51.515 25353 25353 V InputMethodManager: Starting input: tba=com.android.todolist ic=null mNaviBarColor -855310 mIsGetNaviBarColorSuccess true , NavVisible : true , NavTrans : false
51787:09-15 02:17:51.894   907  1044 D GameManagerService: notePauseComponent(), received paused-component: com.android.todolist
51788:09-15 02:17:51.896  9768 10309 I TrayUsageStatesWatcher: notePauseComponent : ComponentInfo{com.android.todolist/com.android.todolist.MainActivity}, 4
51998:09-15 02:17:52.054   907   961 V WindowManager: Changing focus from Window{460f353 u0 com.android.todolist/com.android.todolist.MainActivity} to null displayId=0 Callers=com.android.server.wm.RootWindowContainer.updateFocusedWindowLocked:204 com.android.server.wm.WindowManagerService.updateFocusedWindowLocked:6458 com.android.server.wm.AppWindowToken.commitVisibility:898 com.android.server.wm.AppWindowToken.setVisibility:821 com.android.server.wm.ActivityRecord.setVisibility:2278 com.android.server.wm.ActivityRecord.setVisible:2292 
51999:09-15 02:17:52.055   907   961 V WindowManager: Setting visibility of Window{460f353 u0 com.android.todolist/com.android.todolist.MainActivity}: false, caller=com.android.server.wm.WindowContainer.sendAppVisibilityToClients:644 com.android.server.wm.AppWindowToken.setClientHidden:632 com.android.server.wm.AppWindowToken.onAnimationFinished:3913 com.android.server.wm.AppWindowToken.commitVisibility:914 com.android.server.wm.AppWindowToken.setVisibility:821 
52006:09-15 02:17:52.057   907  1044 I WindowManager: Focus moving from Window{460f353 u0 com.android.todolist/com.android.todolist.MainActivity} to null displayId=0
52007:09-15 02:17:52.057   907  1044 I WindowManager: Losing focus: Window{460f353 u0 com.android.todolist/com.android.todolist.MainActivity}
52117:09-15 02:17:52.085   513   566 E BufferQueueProducer: [com.android.todolist/com.android.todolist.MainActivity$_25353#0] disconnect: not connected (req=1)
52131:09-15 02:17:52.088   907  4665 V WindowManager: Relayout Window{460f353 u0 com.android.todolist/com.android.todolist.MainActivity}: viewVisibility=8 req=1080x2220
52132:09-15 02:17:52.089   907  4665 E WindowManager: win=Window{460f353 u0 com.android.todolist/com.android.todolist.MainActivity} destroySurfaces: appStopped=true win.mWindowRemovalAllowed=false win.mRemoveOnExit=false win.mViewVisibility=8 caller=com.android.server.wm.WindowManagerService.tryStartExitingAnimation:2815 com.android.server.wm.WindowManagerService.relayoutWindow:2548 com.android.server.wm.Session.relayout:202 android.view.IWindowSession$Stub.onTransact:716 com.android.server.wm.Session.onTransact:142 android.os.Binder.execTransactInternal:1056 android.os.Binder.execTransact:1029 
52133:09-15 02:17:52.089   907  4665 I WindowManager: Destroying surface Surface(name=com.android.todolist/com.android.todolist.MainActivity$_25353)/@0xf28e444 called by com.android.server.wm.WindowStateAnimator.destroySurface:1834 com.android.server.wm.WindowStateAnimator.destroySurfaceLocked:733 com.android.server.wm.WindowState.destroySurfaceUnchecked:3649 com.android.server.wm.WindowState.destroySurface:3623 com.android.server.wm.WindowManagerService.tryStartExitingAnimation:2815 com.android.server.wm.WindowManagerService.relayoutWindow:2548 com.android.server.wm.Session.relayout:202 android.view.IWindowSession$Stub.onTransact:716 
52134:09-15 02:17:52.089   513   566 I Layer   : id=24350 removeFromCurrentState com.android.todolist/com.android.todolist.MainActivity$_25353#0 (154)
52135:09-15 02:17:52.089   513   566 I SurfaceFlinger: id=24350 Removed com.android.todolist/com.android.todolist.MainActivity$_25353#0 (154)
52166:09-15 02:17:52.096   513   513 I Layer   : id=24350[1] Destroyed com.android.todolist/com.android.todolist.MainActivity$_25353#0
52240:09-15 02:17:52.122   907  4665 V WindowManager: Relayout Window{460f353 u0 com.android.todolist/com.android.todolist.MainActivity}: viewVisibility=8 req=1080x2220
54092:09-15 02:17:53.259   907   961 D GameManagerService: identifyForegroundApp. com.android.todolist, mCurrentUserId: 0, callerUserId: 0
54093:09-15 02:17:53.259   907   961 D GamePkgDataHelper: getGamePkgData(). com.android.todolist
55895:09-15 02:18:21.875   907  4794 V WindowManager: Setting visibility of Window{460f353 u0 com.android.todolist/com.android.todolist.MainActivity}: true, caller=com.android.server.wm.WindowContainer.sendAppVisibilityToClients:644 com.android.server.wm.AppWindowToken.setClientHidden:632 com.android.server.wm.AppWindowToken.setVisibility:746 com.android.server.wm.ActivityRecord.setVisibility:2278 com.android.server.wm.ActivityStack.resumeTopActivityInnerLocked:3603 
55909:09-15 02:18:21.878   907  4794 D MARsPolicyManager: onPackageResumedFG pkgName = com.android.todolist, userId = 0
55957:09-15 02:18:21.901   907  4664 V WindowManager: Relayout Window{460f353 u0 com.android.todolist/com.android.todolist.MainActivity}: viewVisibility=4 req=1080x2220
55962:09-15 02:18:21.906   907  1044 D GameManagerService: noteResumeComponent(), received resumed-component: com.android.todolist
55963:09-15 02:18:21.906   907  3611 D GameManagerService: onLooperPrepared(), msg: { when=0 what=10000 obj=ComponentInfo{com.android.todolist/com.android.todolist.MainActivity} target=com.samsung.android.game.GameManagerService$FgCheckThread$1 }
55972:09-15 02:18:21.908  9768 10934 I TrayUsageStatesWatcher: noteResumeComponent : ComponentInfo{com.android.todolist/com.android.todolist.MainActivity}, 4
56140:09-15 02:18:21.946   907   907 D GameManagerService: identifyGamePackage. com.android.todolist, mCurrentUserId: 0, callerUserId: 0
56141:09-15 02:18:21.946   907   907 D GamePkgDataHelper: getGamePkgData(). com.android.todolist
56142:09-15 02:18:21.947   907  5224 V WindowManager: Relayout Window{460f353 u0 com.android.todolist/com.android.todolist.MainActivity}: viewVisibility=0 req=1080x2220
56144:09-15 02:18:21.949   513   565 I SurfaceFlinger: id=24358 createSurf (1080x2220),1 flag=404, com.android.todolist/com.android.todolist.MainActivity$_25353#0
56146:09-15 02:18:21.950   907  5224 D WindowManager: makeSurface duration=2 name=com.android.todolist/com.android.todolist.MainActivity$_25353
56226:09-15 02:18:21.977   907  4664 D WindowManager: finishDrawingWindow: Window{460f353 u0 com.android.todolist/com.android.todolist.MainActivity} mDrawState=DRAW_PENDING
56228:09-15 02:18:21.984   907  1045 D PkgPredictorService: pkg:com.android.todolist activity:com.android.todolist.MainActivity thisTime:-1
56290:09-15 02:18:21.998   513   513 I SurfaceFlinger:      DEVICE | 0x7712ace980 | 0002 | RGBA_8888 |   0.0    0.0 1080.0 2220.0 |    0    0 1080 2220 | com.android.todolist/com.android.todolist.MainActivity$_25353#0
56383:09-15 02:18:22.043   907  1045 I WindowManager: Reparenting to original parent: Surface(name=AppWindowToken{e4eee78 token=Token{b3be3db ActivityRecord{88594ea u0 com.android.todolist/.MainActivity t17507}}})/@0x41639ec, destroyLeash=true, surface=Surface(name=3e78260 SnapshotStartingWindow for taskId=17507)/@0x4777e53
56421:09-15 02:18:22.062   513   513 I SurfaceFlinger:      DEVICE | 0x7712ace980 | 0002 | RGBA_8888 |   0.0    0.0 1080.0 2220.0 |    0    0 1080 2220 | com.android.todolist/com.android.todolist.MainActivity$_25353#0
56474:09-15 02:18:22.088   907  1042 I WindowManager: Waiting for drawn Window{460f353 u0 com.android.todolist/com.android.todolist.MainActivity}: removed=false visible=true mHasSurface=true drawState=1
56483:09-15 02:18:22.091   907  1045 I WindowManager: Waiting for drawn Window{460f353 u0 com.android.todolist/com.android.todolist.MainActivity}: removed=false visible=true mHasSurface=true drawState=1
56578:09-15 02:18:22.115   907  5251 I WindowManager: Waiting for drawn Window{460f353 u0 com.android.todolist/com.android.todolist.MainActivity}: removed=false visible=true mHasSurface=true drawState=1
56579:09-15 02:18:22.115   907  5251 V WindowManager: Changing focus from Window{2d1a72f u0 StatusBar} to Window{460f353 u0 com.android.todolist/com.android.todolist.MainActivity} displayId=0 Callers=com.android.server.wm.RootWindowContainer.updateFocusedWindowLocked:204 com.android.server.wm.WindowManagerService.updateFocusedWindowLocked:6458 com.android.server.wm.WindowManagerService.relayoutWindow:2618 com.android.server.wm.Session.relayout:202 android.view.IWindowSession$Stub.onTransact:716 com.android.server.wm.Session.onTransact:142 
56581:09-15 02:18:22.116   907  1042 D WindowManager: setSystemUiVisibility: displayId=0, vis=0x8018, fullVis=0x0, dockVis=0x0, win=Window{460f353 u0 com.android.todolist/com.android.todolist.MainActivity}
56586:09-15 02:18:22.121   907  1044 I WindowManager: Focus moving from Window{2d1a72f u0 StatusBar} to Window{460f353 u0 com.android.todolist/com.android.todolist.MainActivity} displayId=0
56588:09-15 02:18:22.121   907  1044 I WindowManager: Gaining focus: Window{460f353 u0 com.android.todolist/com.android.todolist.MainActivity}
56590:09-15 02:18:22.122   907  5251 D WindowManager: finishDrawingWindow: Window{460f353 u0 com.android.todolist/com.android.todolist.MainActivity} mDrawState=DRAW_PENDING
56605:09-15 02:18:22.125   907  1045 I WindowManager: Waiting for drawn Window{460f353 u0 com.android.todolist/com.android.todolist.MainActivity}: removed=false visible=true mHasSurface=true drawState=4
56606:09-15 02:18:22.125   907  1045 D WindowManager: Window drawn win=Window{460f353 u0 com.android.todolist/com.android.todolist.MainActivity}
56621:09-15 02:18:22.127 25353 25353 V InputMethodManager: Starting input: tba=com.android.todolist ic=null mNaviBarColor -855310 mIsGetNaviBarColorSuccess true , NavVisible : true , NavTrans : false
56643:09-15 02:18:22.131   513   513 I SurfaceFlinger:      DEVICE | 0x773427fb40 | 0002 | RGBA_8888 |   0.0    0.0 1080.0 2220.0 |    0    0 1080 2220 | com.android.todolist/com.android.todolist.MainActivity$_25353#0
56758:09-15 02:18:22.144   907  3818 D GameManagerService: identifyGamePackage. com.android.todolist, mCurrentUserId: 0, callerUserId: 0
56759:09-15 02:18:22.144   907  3818 D GamePkgDataHelper: getGamePkgData(). com.android.todolist
56780:09-15 02:18:22.152   513   513 I SurfaceFlinger:      DEVICE | 0x773427fb40 | 0002 | RGBA_8888 |   0.0    0.0 1080.0 2220.0 |    0    0 1080 2220 | com.android.todolist/com.android.todolist.MainActivity$_25353#0
57020:09-15 02:18:22.237   907   907 D MdnieScenarioControlService:  packageName : com.android.todolist    className : com.android.todolist.MainActivity
57048:09-15 02:18:22.246   907  3611 D GameManagerService:   handleUserPresent(). resume signal is needed for com.android.todolist
57055:09-15 02:18:22.250   907  3738 D MdnieScenarioControlService:  packageName : com.android.todolist    className : com.android.todolist.MainActivity
57160:09-15 02:18:22.299   513   513 I SurfaceFlinger:      DEVICE | 0x7712ace480 | 0002 | RGBA_8888 |   0.0    0.0 1080.0 2220.0 |    0    0 1080 2220 | com.android.todolist/com.android.todolist.MainActivity$_25353#0
57168:09-15 02:18:22.302   907   907 D MdnieScenarioControlService:  packageName : com.android.todolist    className : com.android.todolist.MainActivity
57209:09-15 02:18:22.322   907  3611 D GameManagerService:   handleUserPresent(). resume signal is needed for com.android.todolist
57330:09-15 02:18:22.423  9768  9768 I TrayUsageStatesWatcher: getResumeComponentName : ComponentInfo{com.android.todolist/com.android.todolist.MainActivity}
57896:09-15 02:18:23.266   513   513 I SurfaceFlinger:      DEVICE | 0x7712ace480 | 0002 | RGBA_8888 |   0.0    0.0 1080.0 2220.0 |    0    0 1080 2220 | com.android.todolist/com.android.todolist.MainActivity$_25353#0
57977:09-15 02:18:23.337   907  1042 V WindowManager: Changing focus from Window{460f353 u0 com.android.todolist/com.android.todolist.MainActivity} to null displayId=0 Callers=com.android.server.wm.RootWindowContainer.updateFocusedWindowLocked:204 com.android.server.wm.WindowManagerService.updateFocusedWindowLocked:6458 com.android.server.wm.ActivityDisplay.setFocusedApp:1686 com.android.server.wm.ActivityTaskManagerService.setResumedActivityUncheckLocked:6980 com.android.server.wm.ActivityRecord.moveFocusableActivityToTop:1947 com.android.server.wm.ActivityStack.moveTaskToFrontLocked:5929 
58033:09-15 02:18:23.354   907  1044 I WindowManager: Focus moving from Window{460f353 u0 com.android.todolist/com.android.todolist.MainActivity} to null displayId=0
58034:09-15 02:18:23.354   907  1044 I WindowManager: Losing focus: Window{460f353 u0 com.android.todolist/com.android.todolist.MainActivity}
58056:09-15 02:18:23.356   907  1044 D GameManagerService: notePauseComponent(), received paused-component: com.android.todolist
58057:09-15 02:18:23.356  9768 10934 I TrayUsageStatesWatcher: notePauseComponent : ComponentInfo{com.android.todolist/com.android.todolist.MainActivity}, 4
58161:09-15 02:18:23.402   907  1045 D RemoteAnimationController: createAnimationAdapter(): token=AppWindowToken{e4eee78 token=Token{b3be3db ActivityRecord{88594ea u0 com.android.todolist/.MainActivity t17507}}}
58162:09-15 02:18:23.403   907  1045 I WindowManager: Reparenting to leash, surface=Surface(name=AppWindowToken{e4eee78 token=Token{b3be3db ActivityRecord{88594ea u0 com.android.todolist/.MainActivity t17507}}})/@0x41639ec
58164:09-15 02:18:23.403   513  3022 I SurfaceFlinger: id=24364 createSurf (0x0),-1 flag=80004, Surface(name=AppWindowToken{e4eee78 token=Token{b3be3db ActivityRecord{88594ea u0 com.android.todolist/.MainActivity t17507}}})/@0x41639ec - animation-leash#0
58165:09-15 02:18:23.403   907  1045 D WindowManager: makeSurface duration=1 leash=Surface(name=Surface(name=AppWindowToken{e4eee78 token=Token{b3be3db ActivityRecord{88594ea u0 com.android.todolist/.MainActivity t17507}}})/@0x41639ec - animation-leash)/@0x1f7a69c
58185:09-15 02:18:23.406   907  1045 D RemoteAnimationController: 	Add token=AppWindowToken{e4eee78 token=Token{b3be3db ActivityRecord{88594ea u0 com.android.todolist/.MainActivity t17507}}}
58212:09-15 02:18:23.421   907  1045 I RemoteAnimationController: token=AppWindowToken{e4eee78 token=Token{b3be3db ActivityRecord{88594ea u0 com.android.todolist/.MainActivity t17507}}}
58216:09-15 02:18:23.421   907  1045 I RemoteAnimationController:   leash=Surface(name=Surface(name=AppWindowToken{e4eee78 token=Token{b3be3db ActivityRecord{88594ea u0 com.android.todolist/.MainActivity t17507}}})/@0x41639ec - animation-leash)/@0x1f7a69c
58306:09-15 02:18:23.451   513   513 I SurfaceFlinger:      CLIENT | 0x7712ace980 | 0002 | RGBA_8888 |   0.0   34.0 1080.0 1968.0 |   16   36 1079 1940 | com.android.todolist/com.android.todolist.MainActivity$_25353#0
58338:09-15 02:18:23.599   513   513 I SurfaceFlinger:      CLIENT | 0x773427fb40 | 0002 | RGBA_8888 |   0.0  138.0 1080.0 1218.0 |  744  181 1009  448 | com.android.todolist/com.android.todolist.MainActivity$_25353#0
58381:09-15 02:18:23.712   907  4797 I WindowManager: Reparenting to original parent: Surface(name=Task=17507)/@0xa3e69b, destroyLeash=true, surface=Surface(name=AppWindowToken{e4eee78 token=Token{b3be3db ActivityRecord{88594ea u0 com.android.todolist/.MainActivity t17507}}})/@0x41639ec
58382:09-15 02:18:23.712   907  4797 V WindowManager: Setting visibility of Window{460f353 u0 com.android.todolist/com.android.todolist.MainActivity}: false, caller=com.android.server.wm.WindowContainer.sendAppVisibilityToClients:644 com.android.server.wm.AppWindowToken.setClientHidden:632 com.android.server.wm.AppWindowToken.onAnimationFinished:3913 com.android.server.wm.-$$Lambda$yVRF8YoeNdTa8GR1wDStVsHu8xM.run:2 com.android.server.wm.SurfaceAnimator.lambda$getFinishedCallback$0$SurfaceAnimator:100 
58383:09-15 02:18:23.712   907  4797 D RemoteAnimationController: 	AppWindowToken{e4eee78 token=Token{b3be3db ActivityRecord{88594ea u0 com.android.todolist/.MainActivity t17507}}}
58387:09-15 02:18:23.715   513   565 I Layer   : id=24364 removeFromCurrentState Surface(name=AppWindowToken{e4eee78 token=Token{b3be3db ActivityRecord{88594ea u0 com.android.todolist/.MainActivity t17507}}})/@0x41639ec - animation-leash#0 (157)
58397:09-15 02:18:23.727   513   513 E Layer   : [Surface(name=AppWindowToken{e4eee78 token=Token{b3be3db ActivityRecord{88594ea u0 com.android.todolist/.MainActivity t17507}}})/@0x41639ec - animation-leash#0] No local sync point found, barrierLayer : [com.sec.android.app.launcher/com.sec.android.app.launcher.activities.LauncherActivity$_3870#0]
58402:09-15 02:18:23.746   513   565 E BufferQueueProducer: [com.android.todolist/com.android.todolist.MainActivity$_25353#0] disconnect: not connected (req=1)
58404:09-15 02:18:23.748   907  4797 V WindowManager: Relayout Window{460f353 u0 com.android.todolist/com.android.todolist.MainActivity}: viewVisibility=8 req=1080x2220
58410:09-15 02:18:23.759   907  4797 E WindowManager: win=Window{460f353 u0 com.android.todolist/com.android.todolist.MainActivity} destroySurfaces: appStopped=true win.mWindowRemovalAllowed=false win.mRemoveOnExit=false win.mViewVisibility=8 caller=com.android.server.wm.AppWindowToken.destroySurfaces:1249 com.android.server.wm.AppWindowToken.destroySurfaces:1230 com.android.server.wm.AppWindowToken.notifyAppStopped:1285 com.android.server.wm.ActivityRecord.activityStoppedLocked:2776 com.android.server.wm.ActivityTaskManagerService.activityStopped:2512 android.app.IActivityTaskManager$Stub.onTransact:2280 android.os.Binder.execTransactInternal:1056 
58411:09-15 02:18:23.759   907  4797 I WindowManager: Destroying surface Surface(name=com.android.todolist/com.android.todolist.MainActivity$_25353)/@0xce32bb8 called by com.android.server.wm.WindowStateAnimator.destroySurface:1834 com.android.server.wm.WindowStateAnimator.destroySurfaceLocked:733 com.android.server.wm.WindowState.destroySurfaceUnchecked:3649 com.android.server.wm.WindowState.destroySurface:3623 com.android.server.wm.AppWindowToken.destroySurfaces:1249 com.android.server.wm.AppWindowToken.destroySurfaces:1230 com.android.server.wm.AppWindowToken.notifyAppStopped:1285 com.android.server.wm.ActivityRecord.activityStoppedLocked:2776 
58412:09-15 02:18:23.759   513   565 I Layer   : id=24358 removeFromCurrentState com.android.todolist/com.android.todolist.MainActivity$_25353#0 (157)
58413:09-15 02:18:23.763   513   565 I SurfaceFlinger: id=24358 Removed com.android.todolist/com.android.todolist.MainActivity$_25353#0 (157)
58418:09-15 02:18:23.777   513   513 I Layer   : id=24358[1] Destroyed com.android.todolist/com.android.todolist.MainActivity$_25353#0
59146:09-15 02:18:25.909   907  3518 D PkgPredictorService: previous pkgs: com.sec.android.gallery3d,com.android.todolist,com.sec.android.gallery3d running pkg: com.sec.android.gallery3d, uid: 0 is system: true
59153:09-15 02:18:25.909   907  3518 D PkgPredictorService-Collector:  (hour:2 day:5 previous:[com.sec.android.gallery3d, com.android.todolist, com.sec.android.gallery3d] activityName:unknown running:com.sec.android.gallery3d userId:0 screenOrientation:0 wifi:0 bt:1 predictTime:1 apkVersion:11.5.10.2 consumeTime:-1 preloaded:false>)
61711:09-15 02:18:37.306   513  3022 I SurfaceFlinger: id=24364 Removed Surface(name=AppWindowToken{e4eee78 token=Token{b3be3db ActivityRecord{88594ea u0 com.android.todolist/.MainActivity t17507}}})/@0x41639ec - animation-leash#0 (161)
61728:09-15 02:18:37.321   513   513 I Layer   : id=24364[1] Destroyed Surface(name=AppWindowToken{e4eee78 token=Token{b3be3db ActivityRecord{88594ea u0 com.android.todolist/.MainActivity t17507}}})/@0x41639ec - animation-leash#0
62460:09-15 02:18:39.638   907  4797 I ActivityTaskManager: START u0 {act=android.intent.action.MAIN cat=[android.intent.category.LAUNCHER] flg=0x10200000 cmp=com.android.todolist/.MainActivity bnds=[795,157][1042,480]} from uid 10091
62492:09-15 02:18:39.651   907  1044 D GameManagerService: getForegroundPair(), state=0, bounds=[0,0][1080,2220], displayId=0, userId=0, taskName=com.android.todolist/com.android.todolist.MainActivity
62494:09-15 02:18:39.652   907  1044 D GameManagerService: MultiWindowEventListener.onFocusedStackChanged(), pkgName: com.android.todolist, clsName: com.android.todolist.MainActivity, fgActivityName:com.android.todolist/.MainActivity, userID:0
62497:09-15 02:18:39.652   907  1044 D GameSDK@LifeCycle:   taskId=17507: com.android.todolist/com.android.todolist.MainActivity bounds=[0,0][1080,2220] userId=0 visible=true topActivity=ComponentInfo{com.android.todolist/com.android.todolist.MainActivity}
62503:09-15 02:18:39.656   907  4797 V WindowManager: Setting visibility of Window{460f353 u0 com.android.todolist/com.android.todolist.MainActivity}: true, caller=com.android.server.wm.WindowContainer.sendAppVisibilityToClients:644 com.android.server.wm.AppWindowToken.setClientHidden:632 com.android.server.wm.AppWindowToken.setVisibility:746 com.android.server.wm.ActivityRecord.setVisibility:2278 com.android.server.wm.ActivityStack.resumeTopActivityInnerLocked:3603 
62514:09-15 02:18:39.659   907  4797 D MARsPolicyManager: onPackageResumedFG pkgName = com.android.todolist, userId = 0
62519:09-15 02:18:39.683   907  3826 V WindowManager: Relayout Window{460f353 u0 com.android.todolist/com.android.todolist.MainActivity}: viewVisibility=4 req=1080x2220
62537:09-15 02:18:39.694   907  1045 D RemoteAnimationController: createAnimationAdapter(): token=AppWindowToken{e4eee78 token=Token{b3be3db ActivityRecord{88594ea u0 com.android.todolist/.MainActivity t17507}}}
62538:09-15 02:18:39.694   907  1045 I WindowManager: Reparenting to leash, surface=Surface(name=AppWindowToken{e4eee78 token=Token{b3be3db ActivityRecord{88594ea u0 com.android.todolist/.MainActivity t17507}}})/@0x41639ec
62540:09-15 02:18:39.694   513  3022 I SurfaceFlinger: id=24390 createSurf (0x0),-1 flag=80004, Surface(name=AppWindowToken{e4eee78 token=Token{b3be3db ActivityRecord{88594ea u0 com.android.todolist/.MainActivity t17507}}})/@0x41639ec - animation-leash#0
62541:09-15 02:18:39.695   907  1045 D WindowManager: makeSurface duration=2 leash=Surface(name=Surface(name=AppWindowToken{e4eee78 token=Token{b3be3db ActivityRecord{88594ea u0 com.android.todolist/.MainActivity t17507}}})/@0x41639ec - animation-leash)/@0xdff1dac
62552:09-15 02:18:39.697   907  1045 D RemoteAnimationController: 	Add token=AppWindowToken{e4eee78 token=Token{b3be3db ActivityRecord{88594ea u0 com.android.todolist/.MainActivity t17507}}}
62568:09-15 02:18:39.700   907  1045 I RemoteAnimationController: token=AppWindowToken{e4eee78 token=Token{b3be3db ActivityRecord{88594ea u0 com.android.todolist/.MainActivity t17507}}}
62572:09-15 02:18:39.700   907  1045 I RemoteAnimationController:   leash=Surface(name=Surface(name=AppWindowToken{e4eee78 token=Token{b3be3db ActivityRecord{88594ea u0 com.android.todolist/.MainActivity t17507}}})/@0x41639ec - animation-leash)/@0xdff1dac
62589:09-15 02:18:39.704   907  1044 D GameSDK@LifeCycle: onFocusedPackageChanged(): newPkgName: com.android.todolist, newPid: 25353
62603:09-15 02:18:39.718   907   961 V WindowManager: Relayout Window{460f353 u0 com.android.todolist/com.android.todolist.MainActivity}: viewVisibility=0 req=1080x2220
62604:09-15 02:18:39.718   907  3518 D PkgPredictorService: com.android.todolist go to foreground!
62607:09-15 02:18:39.718   907  3518 D PkgPredictorService: previous pkgs: com.android.todolist,com.sec.android.gallery3d,com.android.todolist running pkg: com.android.todolist, uid: 0 is system: false
62609:09-15 02:18:39.718   907  3518 D PkgPredictorService-Collector:  (hour:2 day:5 previous:[com.android.todolist, com.sec.android.gallery3d, com.android.todolist] activityName:unknown running:com.android.todolist userId:0 screenOrientation:0 wifi:0 bt:1 predictTime:1 apkVersion:1.0 consumeTime:-1 preloaded:false>)
62610:09-15 02:18:39.718   907  3518 D PkgPredictorService-NapPreloadController: User using: com.android.todolist
62614:09-15 02:18:39.720   513  3601 I SurfaceFlinger: id=24392 createSurf (1080x2220),1 flag=404, com.android.todolist/com.android.todolist.MainActivity$_25353#0
62615:09-15 02:18:39.721   907   961 D WindowManager: makeSurface duration=1 name=com.android.todolist/com.android.todolist.MainActivity$_25353
62616:09-15 02:18:39.721   907   961 V WindowManager: Changing focus from null to Window{460f353 u0 com.android.todolist/com.android.todolist.MainActivity} displayId=0 Callers=com.android.server.wm.RootWindowContainer.updateFocusedWindowLocked:204 com.android.server.wm.WindowManagerService.updateFocusedWindowLocked:6458 com.android.server.wm.WindowManagerService.relayoutWindow:2618 com.android.server.wm.Session.relayout:202 android.view.IWindowSession$Stub.onTransact:716 com.android.server.wm.Session.onTransact:142 
62623:09-15 02:18:39.724   907  1042 D CodecSolution: isMaxAspectPackageEx: com.android.todolist : true(2)
62624:09-15 02:18:39.724   907   961 D GameManagerService: identifyForegroundApp. com.android.todolist, mCurrentUserId: 0, callerUserId: 0
62625:09-15 02:18:39.724   907   961 D GamePkgDataHelper: getGamePkgData(). com.android.todolist
62627:09-15 02:18:39.725   907  1044 D GameManagerService: noteResumeComponent(), received resumed-component: com.android.todolist
62628:09-15 02:18:39.725   907  3036 D GamePkgDataHelper: getSosPolicy(). com.android.todolist
62630:09-15 02:18:39.726   907  1044 D GameManagerService: identifyGamePackage. com.android.todolist, mCurrentUserId: 0, callerUserId: 0
62631:09-15 02:18:39.726   907  1044 D GamePkgDataHelper: getGamePkgData(). com.android.todolist
62632:09-15 02:18:39.726   907  1044 D GamePkgDataHelper: getSosPolicy(). com.android.todolist
62633:09-15 02:18:39.726   907  1044 D GameManagerService: identifyGamePackage. com.android.todolist, mCurrentUserId: 0, callerUserId: 0
62634:09-15 02:18:39.726   907  1044 D GamePkgDataHelper: getGamePkgData(). com.android.todolist
62635:09-15 02:18:39.726  9768 10934 I TrayUsageStatesWatcher: noteResumeComponent : ComponentInfo{com.android.todolist/com.android.todolist.MainActivity}, 4
62636:09-15 02:18:39.728   907  3036 D GameManagerService: identifyGamePackage. com.android.todolist, mCurrentUserId: 0, callerUserId: 0
62637:09-15 02:18:39.728   907  3036 D GamePkgDataHelper: getGamePkgData(). com.android.todolist
62642:09-15 02:18:39.736   907  1044 I WindowManager: Focus moving from null to Window{460f353 u0 com.android.todolist/com.android.todolist.MainActivity} displayId=0
62643:09-15 02:18:39.736   907  1044 I WindowManager: Gaining focus: Window{460f353 u0 com.android.todolist/com.android.todolist.MainActivity}
62657:09-15 02:18:39.744   907   961 D WindowManager: finishDrawingWindow: Window{460f353 u0 com.android.todolist/com.android.todolist.MainActivity} mDrawState=DRAW_PENDING
62680:09-15 02:18:39.747 25353 25353 V InputMethodManager: Starting input: tba=com.android.todolist ic=null mNaviBarColor -855310 mIsGetNaviBarColorSuccess true , NavVisible : true , NavTrans : false
62681:09-15 02:18:39.747   907  1045 D PkgPredictorService: pkg:com.android.todolist activity:com.android.todolist.MainActivity thisTime:114
62696:09-15 02:18:39.752   907  3611 D GameManagerService: onLooperPrepared(), msg: { when=-27ms what=10000 obj=ComponentInfo{com.android.todolist/com.android.todolist.MainActivity} target=com.samsung.android.game.GameManagerService$FgCheckThread$1 }
62698:09-15 02:18:39.753   907  3611 D GameManagerService: notifyResumePause(). of pkg: com.android.todolist, type: 4, isMinimized: false, isTunableApp: false
62745:09-15 02:18:39.769   513   513 I SurfaceFlinger:      CLIENT | 0x7711787cc0 | 0002 | RGBA_8888 |   0.0  135.0 1080.0 1237.0 |  725  179 1011  473 | com.android.todolist/com.android.todolist.MainActivity$_25353#0
62758:09-15 02:18:39.811   907  1045 I WindowManager: Reparenting to original parent: Surface(name=AppWindowToken{e4eee78 token=Token{b3be3db ActivityRecord{88594ea u0 com.android.todolist/.MainActivity t17507}}})/@0x41639ec, destroyLeash=true, surface=Surface(name=d495ded SnapshotStartingWindow for taskId=17507)/@0x604432d
62774:09-15 02:18:39.833   513   513 I SurfaceFlinger:      CLIENT | 0x7711788580 | 0002 | RGBA_8888 |   0.0    0.0 1080.0 2220.0 |  260   52 1056 1685 | com.android.todolist/com.android.todolist.MainActivity$_25353#0
62782:09-15 02:18:39.847   907  3738 D MdnieScenarioControlService:  packageName : com.android.todolist    className : com.android.todolist.MainActivity
62807:09-15 02:18:39.916   513   513 I SurfaceFlinger:      CLIENT | 0x7711788580 | 0002 | RGBA_8888 |   0.0    0.0 1080.0 2220.0 |   73   14 1073 2070 | com.android.todolist/com.android.todolist.MainActivity$_25353#0
62837:09-15 02:18:40.045   907  3036 I WindowManager: Reparenting to original parent: Surface(name=Task=17507)/@0xa3e69b, destroyLeash=true, surface=Surface(name=AppWindowToken{e4eee78 token=Token{b3be3db ActivityRecord{88594ea u0 com.android.todolist/.MainActivity t17507}}})/@0x41639ec
62842:09-15 02:18:40.047   907  3036 D RemoteAnimationController: 	AppWindowToken{e4eee78 token=Token{b3be3db ActivityRecord{88594ea u0 com.android.todolist/.MainActivity t17507}}}
62853:09-15 02:18:40.050   513   566 I Layer   : id=24390 removeFromCurrentState Surface(name=AppWindowToken{e4eee78 token=Token{b3be3db ActivityRecord{88594ea u0 com.android.todolist/.MainActivity t17507}}})/@0x41639ec - animation-leash#0 (161)
62855:09-15 02:18:40.061   513   513 E Layer   : [Surface(name=AppWindowToken{e4eee78 token=Token{b3be3db ActivityRecord{88594ea u0 com.android.todolist/.MainActivity t17507}}})/@0x41639ec - animation-leash#0] No local sync point found, barrierLayer : [com.sec.android.app.launcher/com.sec.android.app.launcher.activities.LauncherActivity$_3870#0]
62866:09-15 02:18:40.067   513   513 I SurfaceFlinger:      DEVICE | 0x7711788580 | 0002 | RGBA_8888 |   0.0    0.0 1080.0 2220.0 |    0    0 1080 2220 | com.android.todolist/com.android.todolist.MainActivity$_25353#0
62880:09-15 02:18:40.069   513   566 I SurfaceFlinger: id=24390 Removed Surface(name=AppWindowToken{e4eee78 token=Token{b3be3db ActivityRecord{88594ea u0 com.android.todolist/.MainActivity t17507}}})/@0x41639ec - animation-leash#0 (161)
62895:09-15 02:18:40.078   513   513 I Layer   : id=24390[1] Destroyed Surface(name=AppWindowToken{e4eee78 token=Token{b3be3db ActivityRecord{88594ea u0 com.android.todolist/.MainActivity t17507}}})/@0x41639ec - animation-leash#0
62901:09-15 02:18:40.084   907  1042 D CodecSolution: isMaxAspectPackageEx: com.android.todolist : true(2)
62910:09-15 02:18:40.214   907  3738 D MdnieScenarioControlService:  packageName : com.android.todolist    className : com.android.todolist.MainActivity
62974:09-15 02:18:45.757   907 27951 D GameManagerService: identifyGamePackage. com.android.todolist, mCurrentUserId: 0, callerUserId: 0
62975:09-15 02:18:45.757   907 27951 D GamePkgDataHelper: getGamePkgData(). com.android.todolist
64896:09-15 02:19:39.620 25353 25353 V InputMethodManager: Starting input: tba=com.android.todolist ic=null mNaviBarColor -855310 mIsGetNaviBarColorSuccess true , NavVisible : true , NavTrans : false
65268:09-15 02:19:40.001   907  1044 D GameManagerService: notePauseComponent(), received paused-component: com.android.todolist
65269:09-15 02:19:40.002  9768 10934 I TrayUsageStatesWatcher: notePauseComponent : ComponentInfo{com.android.todolist/com.android.todolist.MainActivity}, 4
65501:09-15 02:19:40.196   907   961 V WindowManager: Changing focus from Window{460f353 u0 com.android.todolist/com.android.todolist.MainActivity} to null displayId=0 Callers=com.android.server.wm.RootWindowContainer.updateFocusedWindowLocked:204 com.android.server.wm.WindowManagerService.updateFocusedWindowLocked:6458 com.android.server.wm.AppWindowToken.commitVisibility:898 com.android.server.wm.AppWindowToken.setVisibility:821 com.android.server.wm.ActivityRecord.setVisibility:2278 com.android.server.wm.ActivityRecord.setVisible:2292 
65507:09-15 02:19:40.197   907   961 V WindowManager: Setting visibility of Window{460f353 u0 com.android.todolist/com.android.todolist.MainActivity}: false, caller=com.android.server.wm.WindowContainer.sendAppVisibilityToClients:644 com.android.server.wm.AppWindowToken.setClientHidden:632 com.android.server.wm.AppWindowToken.onAnimationFinished:3913 com.android.server.wm.AppWindowToken.commitVisibility:914 com.android.server.wm.AppWindowToken.setVisibility:821 
65514:09-15 02:19:40.199   907  1044 I WindowManager: Focus moving from Window{460f353 u0 com.android.todolist/com.android.todolist.MainActivity} to null displayId=0
65515:09-15 02:19:40.199   907  1044 I WindowManager: Losing focus: Window{460f353 u0 com.android.todolist/com.android.todolist.MainActivity}
65571:09-15 02:19:40.222   513  3601 E BufferQueueProducer: [com.android.todolist/com.android.todolist.MainActivity$_25353#0] disconnect: not connected (req=1)
65573:09-15 02:19:40.223   907  4797 V WindowManager: Relayout Window{460f353 u0 com.android.todolist/com.android.todolist.MainActivity}: viewVisibility=8 req=1080x2220
65574:09-15 02:19:40.223   907  4797 E WindowManager: win=Window{460f353 u0 com.android.todolist/com.android.todolist.MainActivity} destroySurfaces: appStopped=true win.mWindowRemovalAllowed=false win.mRemoveOnExit=false win.mViewVisibility=8 caller=com.android.server.wm.WindowManagerService.tryStartExitingAnimation:2815 com.android.server.wm.WindowManagerService.relayoutWindow:2548 com.android.server.wm.Session.relayout:202 android.view.IWindowSession$Stub.onTransact:716 com.android.server.wm.Session.onTransact:142 android.os.Binder.execTransactInternal:1056 android.os.Binder.execTransact:1029 
65575:09-15 02:19:40.223   907  4797 I WindowManager: Destroying surface Surface(name=com.android.todolist/com.android.todolist.MainActivity$_25353)/@0x1608288 called by com.android.server.wm.WindowStateAnimator.destroySurface:1834 com.android.server.wm.WindowStateAnimator.destroySurfaceLocked:733 com.android.server.wm.WindowState.destroySurfaceUnchecked:3649 com.android.server.wm.WindowState.destroySurface:3623 com.android.server.wm.WindowManagerService.tryStartExitingAnimation:2815 com.android.server.wm.WindowManagerService.relayoutWindow:2548 com.android.server.wm.Session.relayout:202 android.view.IWindowSession$Stub.onTransact:716 
65576:09-15 02:19:40.223   513  3601 I Layer   : id=24392 removeFromCurrentState com.android.todolist/com.android.todolist.MainActivity$_25353#0 (158)
65589:09-15 02:19:40.226   513  3601 I SurfaceFlinger: id=24392 Removed com.android.todolist/com.android.todolist.MainActivity$_25353#0 (158)
65614:09-15 02:19:40.231   513   513 I Layer   : id=24392[1] Destroyed com.android.todolist/com.android.todolist.MainActivity$_25353#0
65646:09-15 02:19:40.245   907  4107 V WindowManager: Relayout Window{460f353 u0 com.android.todolist/com.android.todolist.MainActivity}: viewVisibility=8 req=1080x2220
66537:09-15 02:19:40.702   907   961 D GameManagerService: identifyForegroundApp. com.android.todolist, mCurrentUserId: 0, callerUserId: 0
66538:09-15 02:19:40.702   907   961 D GamePkgDataHelper: getGamePkgData(). com.android.todolist
68857:09-15 02:20:28.073   907   962 V WindowManager: Setting visibility of Window{460f353 u0 com.android.todolist/com.android.todolist.MainActivity}: true, caller=com.android.server.wm.WindowContainer.sendAppVisibilityToClients:644 com.android.server.wm.AppWindowToken.setClientHidden:632 com.android.server.wm.AppWindowToken.setVisibility:746 com.android.server.wm.ActivityRecord.setVisibility:2278 com.android.server.wm.ActivityStack.resumeTopActivityInnerLocked:3603 
68874:09-15 02:20:28.077   907   962 D MARsPolicyManager: onPackageResumedFG pkgName = com.android.todolist, userId = 0
68905:09-15 02:20:28.092   907  4107 V WindowManager: Relayout Window{460f353 u0 com.android.todolist/com.android.todolist.MainActivity}: viewVisibility=4 req=1080x2220
68978:09-15 02:20:28.110   907  1044 D GameManagerService: noteResumeComponent(), received resumed-component: com.android.todolist
68979:09-15 02:20:28.110   907  3611 D GameManagerService: onLooperPrepared(), msg: { when=0 what=10000 obj=ComponentInfo{com.android.todolist/com.android.todolist.MainActivity} target=com.samsung.android.game.GameManagerService$FgCheckThread$1 }
68982:09-15 02:20:28.111  9768 10934 I TrayUsageStatesWatcher: noteResumeComponent : ComponentInfo{com.android.todolist/com.android.todolist.MainActivity}, 4
69092:09-15 02:20:28.138   907  4791 V WindowManager: Relayout Window{460f353 u0 com.android.todolist/com.android.todolist.MainActivity}: viewVisibility=0 req=1080x2220
69096:09-15 02:20:28.140   513  3022 I SurfaceFlinger: id=24399 createSurf (1080x2220),1 flag=404, com.android.todolist/com.android.todolist.MainActivity$_25353#0
69097:09-15 02:20:28.140   907  4791 D WindowManager: makeSurface duration=1 name=com.android.todolist/com.android.todolist.MainActivity$_25353
69179:09-15 02:20:28.166   907   907 D GameManagerService: identifyGamePackage. com.android.todolist, mCurrentUserId: 0, callerUserId: 0
69180:09-15 02:20:28.166   907   907 D GamePkgDataHelper: getGamePkgData(). com.android.todolist
69196:09-15 02:20:28.176   907  3826 D WindowManager: finishDrawingWindow: Window{460f353 u0 com.android.todolist/com.android.todolist.MainActivity} mDrawState=DRAW_PENDING
69201:09-15 02:20:28.179   907  1045 D PkgPredictorService: pkg:com.android.todolist activity:com.android.todolist.MainActivity thisTime:-1
69349:09-15 02:20:28.243   907  1045 I WindowManager: Reparenting to original parent: Surface(name=AppWindowToken{e4eee78 token=Token{b3be3db ActivityRecord{88594ea u0 com.android.todolist/.MainActivity t17507}}})/@0x41639ec, destroyLeash=true, surface=Surface(name=2465dab SnapshotStartingWindow for taskId=17507)/@0xe31ca02
69394:09-15 02:20:28.255   907  1042 I WindowManager: Waiting for drawn Window{460f353 u0 com.android.todolist/com.android.todolist.MainActivity}: removed=false visible=true mHasSurface=true drawState=1
69424:09-15 02:20:28.259   907  1045 I WindowManager: Waiting for drawn Window{460f353 u0 com.android.todolist/com.android.todolist.MainActivity}: removed=false visible=true mHasSurface=true drawState=1
69454:09-15 02:20:28.268   907  4791 I WindowManager: Waiting for drawn Window{460f353 u0 com.android.todolist/com.android.todolist.MainActivity}: removed=false visible=true mHasSurface=true drawState=1
69455:09-15 02:20:28.268   907  4791 V WindowManager: Changing focus from Window{2d1a72f u0 StatusBar} to Window{460f353 u0 com.android.todolist/com.android.todolist.MainActivity} displayId=0 Callers=com.android.server.wm.RootWindowContainer.updateFocusedWindowLocked:204 com.android.server.wm.WindowManagerService.updateFocusedWindowLocked:6458 com.android.server.wm.WindowManagerService.relayoutWindow:2618 com.android.server.wm.Session.relayout:202 android.view.IWindowSession$Stub.onTransact:716 com.android.server.wm.Session.onTransact:142 
69457:09-15 02:20:28.268   907  1042 D WindowManager: setSystemUiVisibility: displayId=0, vis=0x8018, fullVis=0x0, dockVis=0x0, win=Window{460f353 u0 com.android.todolist/com.android.todolist.MainActivity}
69473:09-15 02:20:28.273   907  1044 I WindowManager: Focus moving from Window{2d1a72f u0 StatusBar} to Window{460f353 u0 com.android.todolist/com.android.todolist.MainActivity} displayId=0
69475:09-15 02:20:28.273   907  1044 I WindowManager: Gaining focus: Window{460f353 u0 com.android.todolist/com.android.todolist.MainActivity}
69481:09-15 02:20:28.275   907  3818 D WindowManager: finishDrawingWindow: Window{460f353 u0 com.android.todolist/com.android.todolist.MainActivity} mDrawState=DRAW_PENDING
69486:09-15 02:20:28.277   907  1045 I WindowManager: Waiting for drawn Window{460f353 u0 com.android.todolist/com.android.todolist.MainActivity}: removed=false visible=true mHasSurface=true drawState=4
69487:09-15 02:20:28.277   907  1045 D WindowManager: Window drawn win=Window{460f353 u0 com.android.todolist/com.android.todolist.MainActivity}
69492:09-15 02:20:28.278 25353 25353 V InputMethodManager: Starting input: tba=com.android.todolist ic=null mNaviBarColor -855310 mIsGetNaviBarColorSuccess true , NavVisible : true , NavTrans : false
69633:09-15 02:20:28.303   907  3460 D GameManagerService: identifyGamePackage. com.android.todolist, mCurrentUserId: 0, callerUserId: 0
69634:09-15 02:20:28.303   907  3460 D GamePkgDataHelper: getGamePkgData(). com.android.todolist
69780:09-15 02:20:28.332   513   513 I SurfaceFlinger:      DEVICE | 0x7712ace840 | 0002 | RGBA_8888 |   0.0    0.0 1080.0 2220.0 |    0    0 1080 2220 | com.android.todolist/com.android.todolist.MainActivity$_25353#0
69892:09-15 02:20:28.367   907   907 D MdnieScenarioControlService:  packageName : com.android.todolist    className : com.android.todolist.MainActivity
69904:09-15 02:20:28.368   907  3611 D GameManagerService:   handleUserPresent(). resume signal is needed for com.android.todolist
70008:09-15 02:20:28.394   907  3738 D MdnieScenarioControlService:  packageName : com.android.todolist    className : com.android.todolist.MainActivity
70052:09-15 02:20:28.405   513   513 I SurfaceFlinger:      DEVICE | 0x7712ace840 | 0002 | RGBA_8888 |   0.0    0.0 1080.0 2220.0 |    0    0 1080 2220 | com.android.todolist/com.android.todolist.MainActivity$_25353#0
70108:09-15 02:20:28.408   907   907 D MdnieScenarioControlService:  packageName : com.android.todolist    className : com.android.todolist.MainActivity
70115:09-15 02:20:28.409   907  3611 D GameManagerService:   handleUserPresent(). resume signal is needed for com.android.todolist
70309:09-15 02:20:28.532  9768  9768 I TrayUsageStatesWatcher: getResumeComponentName : ComponentInfo{com.android.todolist/com.android.todolist.MainActivity}
71057:09-15 02:20:34.183   907 27951 D GameManagerService: identifyGamePackage. com.android.todolist, mCurrentUserId: 0, callerUserId: 0
71058:09-15 02:20:34.183   907 27951 D GamePkgDataHelper: getGamePkgData(). com.android.todolist
72477:09-15 02:21:28.325 25353 25353 V InputMethodManager: Starting input: tba=com.android.todolist ic=null mNaviBarColor -855310 mIsGetNaviBarColorSuccess true , NavVisible : true , NavTrans : false
72853:09-15 02:21:28.699   907  1044 D GameManagerService: notePauseComponent(), received paused-component: com.android.todolist
72854:09-15 02:21:28.699  9768 10934 I TrayUsageStatesWatcher: notePauseComponent : ComponentInfo{com.android.todolist/com.android.todolist.MainActivity}, 4
73084:09-15 02:21:28.885   907  4013 V WindowManager: Changing focus from Window{460f353 u0 com.android.todolist/com.android.todolist.MainActivity} to null displayId=0 Callers=com.android.server.wm.RootWindowContainer.updateFocusedWindowLocked:204 com.android.server.wm.WindowManagerService.updateFocusedWindowLocked:6458 com.android.server.wm.AppWindowToken.commitVisibility:898 com.android.server.wm.AppWindowToken.setVisibility:821 com.android.server.wm.ActivityRecord.setVisibility:2278 com.android.server.wm.ActivityRecord.setVisible:2292 
73086:09-15 02:21:28.886   907  4013 V WindowManager: Setting visibility of Window{460f353 u0 com.android.todolist/com.android.todolist.MainActivity}: false, caller=com.android.server.wm.WindowContainer.sendAppVisibilityToClients:644 com.android.server.wm.AppWindowToken.setClientHidden:632 com.android.server.wm.AppWindowToken.onAnimationFinished:3913 com.android.server.wm.AppWindowToken.commitVisibility:914 com.android.serve